[debug] [2026-07-01T04:58:49.482Z] ----------------------------------------------------------------------
[debug] [2026-07-01T04:58:49.484Z] Command:       /opt/homebrew/Cellar/node/25.2.1/bin/node /Users/surajkumar/.npm/_npx/ba4f1959e38407b5/node_modules/.bin/firebase projects:list --json
[debug] [2026-07-01T04:58:49.484Z] CLI Version:   15.22.4
[debug] [2026-07-01T04:58:49.484Z] Platform:      darwin
[debug] [2026-07-01T04:58:49.484Z] Node Version:  v25.2.1
[debug] [2026-07-01T04:58:49.484Z] Detected Agent: antigravity
[debug] [2026-07-01T04:58:49.484Z] Time:          Wed Jul 01 2026 10:28:49 GMT+0530 (India Standard Time)
[debug] [2026-07-01T04:58:49.484Z] ----------------------------------------------------------------------
[debug] 
[debug] [2026-07-01T04:58:49.486Z] > command requires scopes: ["email","openid","https://www.googleapis.com/auth/cloudplatformprojects.readonly","https://www.googleapis.com/auth/firebase","https://www.googleapis.com/auth/cloud-platform"]
[debug] [2026-07-01T04:58:49.486Z] > authorizing via signed-in user (surajyadav2121115@gmail.com)
[debug] [2026-07-01T04:58:49.488Z] Checked if tokens are valid: false, expires at: 1738343088059
[debug] [2026-07-01T04:58:49.488Z] Checked if tokens are valid: false, expires at: 1738343088059
[debug] [2026-07-01T04:58:49.488Z] > refreshing access token with scopes: []
[debug] [2026-07-01T04:58:49.488Z] >>> [apiv2][query] POST https://www.googleapis.com/oauth2/v3/token [none]
[debug] [2026-07-01T04:58:49.489Z] >>> [apiv2][body] POST https://www.googleapis.com/oauth2/v3/token [omitted]
[debug] [2026-07-01T04:58:49.749Z] <<< [apiv2][status] POST https://www.googleapis.com/oauth2/v3/token 400
[debug] [2026-07-01T04:58:49.749Z] <<< [apiv2][body] POST https://www.googleapis.com/oauth2/v3/token [omitted]
[debug] [2026-07-01T04:58:49.749Z] >>> [apiv2][query] GET https://firebase.googleapis.com/v1beta1/projects pageSize=1000
[debug] [2026-07-01T04:58:50.031Z] <<< [apiv2][status] GET https://firebase.googleapis.com/v1beta1/projects 401
[debug] [2026-07-01T04:58:50.031Z] <<< [apiv2][body] GET https://firebase.googleapis.com/v1beta1/projects [omitted]
[debug] [2026-07-01T04:58:50.032Z] Got a 401 Unauthenticated error for a call that required authentication. Refreshing tokens.
[debug] [2026-07-01T04:58:50.032Z] Checked if tokens are valid: false, expires at: 1738343088059
[debug] [2026-07-01T04:58:50.032Z] Checked if tokens are valid: false, expires at: 1738343088059
[debug] [2026-07-01T04:58:50.032Z] > refreshing access token with scopes: []
[debug] [2026-07-01T04:58:50.032Z] >>> [apiv2][query] POST https://www.googleapis.com/oauth2/v3/token [none]
[debug] [2026-07-01T04:58:50.032Z] >>> [apiv2][body] POST https://www.googleapis.com/oauth2/v3/token [omitted]
[debug] [2026-07-01T04:58:50.138Z] <<< [apiv2][status] POST https://www.googleapis.com/oauth2/v3/token 400
[debug] [2026-07-01T04:58:50.138Z] <<< [apiv2][body] POST https://www.googleapis.com/oauth2/v3/token [omitted]
[debug] [2026-07-01T04:58:50.140Z] Request to https://firebase.googleapis.com/v1beta1/projects?pageSize=1000 had HTTP Error: 401, Request had invalid authentication credentials. Expected OAuth 2 access token, login cookie or other valid authentication credential. See https://developers.google.com/identity/sign-in/web/devconsole-project.
[debug] [2026-07-01T04:58:50.440Z] FirebaseError: Request to https://firebase.googleapis.com/v1beta1/projects?pageSize=1000 had HTTP Error: 401, Request had invalid authentication credentials. Expected OAuth 2 access token, login cookie or other valid authentication credential. See https://developers.google.com/identity/sign-in/web/devconsole-project.
    at responseToError (/Users/surajkumar/.npm/_npx/ba4f1959e38407b5/node_modules/firebase-tools/lib/responseToError.js:53:12)
    at RetryOperation._fn (/Users/surajkumar/.npm/_npx/ba4f1959e38407b5/node_modules/firebase-tools/lib/apiv2.js:381:77)
    at process.processTicksAndRejections (node:internal/process/task_queues:103:5)
[error] 
[error] Error: Failed to list Firebase projects. See firebase-debug.log for more info.
